Using pre-set license
Built from '2022.2/staging' branch; Version is '2022.2.9f1 (1cc571a6ec95) revision 1885553'; Using compiler version '192829333'; Build Type 'Release'
OS: 'Windows 11  (10.0.22621) 64bit CoreSingleLanguage' Language: 'en' Physical Memory: 12010 MB
BatchMode: 1, IsHumanControllingUs: 0, StartBugReporterOnCrash: 0, Is64bit: 1, IsPro: 1

COMMAND LINE ARGUMENTS:
C:\Program Files\Unity 2022.2.9f1\Editor\Unity.exe
-adb2
-batchMode
-noUpm
-name
AssetImportWorker0
-projectPath
C:/Users/DUC VU/OneDrive/Unity2d/Object 2 - Game truot tuyet
-logFile
Logs/AssetImportWorker0.log
-srvPort
50147
Successfully changed project path to: C:/Users/DUC VU/OneDrive/Unity2d/Object 2 - Game truot tuyet
C:/Users/DUC VU/OneDrive/Unity2d/Object 2 - Game truot tuyet
[UnityMemory] Configuration Parameters - Can be set up in boot.config
    "memorysetup-bucket-allocator-granularity=16"
    "memorysetup-bucket-allocator-bucket-count=8"
    "memorysetup-bucket-allocator-block-size=33554432"
    "memorysetup-bucket-allocator-block-count=8"
    "memorysetup-main-allocator-block-size=16777216"
    "memorysetup-thread-allocator-block-size=16777216"
    "memorysetup-gfx-main-allocator-block-size=16777216"
    "memorysetup-gfx-thread-allocator-block-size=16777216"
    "memorysetup-cache-allocator-block-size=4194304"
    "memorysetup-typetree-allocator-block-size=2097152"
    "memorysetup-profiler-bucket-allocator-granularity=16"
    "memorysetup-profiler-bucket-allocator-bucket-count=8"
    "memorysetup-profiler-bucket-allocator-block-size=33554432"
    "memorysetup-profiler-bucket-allocator-block-count=8"
    "memorysetup-profiler-allocator-block-size=16777216"
    "memorysetup-profiler-editor-allocator-block-size=1048576"
    "memorysetup-temp-allocator-size-main=16777216"
    "memorysetup-job-temp-allocator-block-size=2097152"
    "memorysetup-job-temp-allocator-block-size-background=1048576"
    "memorysetup-job-temp-allocator-reduction-small-platforms=262144"
    "memorysetup-temp-allocator-size-background-worker=32768"
    "memorysetup-temp-allocator-size-job-worker=262144"
    "memorysetup-temp-allocator-size-preload-manager=33554432"
    "memorysetup-temp-allocator-size-nav-mesh-worker=65536"
    "memorysetup-temp-allocator-size-audio-worker=65536"
    "memorysetup-temp-allocator-size-cloud-worker=32768"
    "memorysetup-temp-allocator-size-gi-baking-worker=262144"
    "memorysetup-temp-allocator-size-gfx=262144"
Player connection [11212] Host "[IP] 192.168.0.108 [Port] 0 [Flags] 2 [Guid] 1058688096 [EditorId] 1058688096 [Version] 1048832 [Id] WindowsEditor(7,DESKTOP-OBJ3FGO) [Debug] 1 [PackageName] WindowsEditor [ProjectName] Editor" joined multi-casting on [225.0.0.222:54997]...

Player connection [11212] Host "[IP] 192.168.0.108 [Port] 0 [Flags] 2 [Guid] 1058688096 [EditorId] 1058688096 [Version] 1048832 [Id] WindowsEditor(7,DESKTOP-OBJ3FGO) [Debug] 1 [PackageName] WindowsEditor [ProjectName] Editor" joined alternative multi-casting on [225.0.0.222:34997]...

Refreshing native plugins compatible for Editor in 38.98 ms, found 4 plugins.
Preloading 0 native plugins for Editor in 0.00 ms.
Initialize engine version: 2022.2.9f1 (1cc571a6ec95)
[Subsystems] Discovering subsystems at path C:/Program Files/Unity 2022.2.9f1/Editor/Data/Resources/UnitySubsystems
[Subsystems] Discovering subsystems at path C:/Users/DUC VU/OneDrive/Unity2d/Object 2 - Game truot tuyet/Assets
GfxDevice: creating device client; threaded=0; jobified=0
Direct3D:
    Version:  Direct3D 11.0 [level 11.1]
    Renderer: Intel(R) Iris(R) Xe Graphics (ID=0x9a49)
    Vendor:   Intel
    VRAM:     6005 MB
    Driver:   30.0.101.1338
Initialize mono
Mono path[0] = 'C:/Program Files/Unity 2022.2.9f1/Editor/Data/Managed'
Mono path[1] = 'C:/Program Files/Unity 2022.2.9f1/Editor/Data/MonoBleedingEdge/lib/mono/unityjit-win32'
Mono config path = 'C:/Program Files/Unity 2022.2.9f1/Editor/Data/MonoBleedingEdge/etc'
Using monoOptions --debugger-agent=transport=dt_socket,embedding=1,server=y,suspend=n,address=127.0.0.1:56132
Begin MonoManager ReloadAssembly
Registering precompiled unity dll's ...
Register platform support module: C:/Program Files/Unity 2022.2.9f1/Editor/Data/PlaybackEngines/WindowsStandaloneSupport/UnityEditor.WindowsStandalone.Extensions.dll
Registered in 0.222415 seconds.
- Loaded All Assemblies, in 12.617 seconds
Native extension for WindowsStandalone target not found
Mono: successfully reloaded assembly
- Finished resetting the current domain, in  0.638 seconds
Domain Reload Profiling:
	ReloadAssembly (11077ms)
		BeginReloadAssembly (9856ms)
			ExecutionOrderSort (0ms)
			DisableScriptedObjects (0ms)
			BackupInstance (0ms)
			ReleaseScriptingObjects (0ms)
			CreateAndSetChildDomain (2ms)
		LoadAllAssembliesAndSetupDomain (0ms)
			LoadAssemblies (9849ms)
			RebuildTransferFunctionScriptingTraits (0ms)
			SetupTypeCache (1529ms)
				TypeCache.Initialize (1527ms)
					TypeCache.ScanAssembly (1522ms)
				ResolveRequiredComponents (1ms)
		FinalizeReload (0ms)
			ReleaseScriptCaches (0ms)
			RebuildScriptCaches (0ms)
			SetupLoadedEditorAssemblies (503ms)
				LogAssemblyErrors (0ms)
				InitializePlatformSupportModulesInManaged (18ms)
				SetLoadedEditorAssemblies (19ms)
				RefreshPlugins (0ms)
				BeforeProcessingInitializeOnLoad (2ms)
				ProcessInitializeOnLoadAttributes (344ms)
				ProcessInitializeOnLoadMethodAttributes (119ms)
				AfterProcessingInitializeOnLoad (0ms)
				EditorAssembliesLoaded (1ms)
			ExecutionOrderSort2 (0ms)
			AwakeInstancesAfterBackupRestoration (0ms)
========================================================================
Worker process is ready to serve import requests
Begin MonoManager ReloadAssembly
Symbol file LoadedFromMemory doesn't match image C:\Users\DUC VU\OneDrive\Unity2d\Object 2 - Game truot tuyet\Library\PackageCache\com.unity.visualscripting@1.8.0\Editor\VisualScripting.Core\Dependencies\YamlDotNet\Unity.VisualScripting.YamlDotNet.dll
Symbol file LoadedFromMemory doesn't match image C:\Users\DUC VU\OneDrive\Unity2d\Object 2 - Game truot tuyet\Library\PackageCache\com.unity.visualscripting@1.8.0\Editor\VisualScripting.Core\Dependencies\DotNetZip\Unity.VisualScripting.IonicZip.dll
- Loaded All Assemblies, in 16.347 seconds
Refreshing native plugins compatible for Editor in 36.73 ms, found 4 plugins.
Native extension for WindowsStandalone target not found
Mono: successfully reloaded assembly
- Finished resetting the current domain, in  1.844 seconds
Domain Reload Profiling:
	ReloadAssembly (397ms)
		BeginReloadAssembly (244ms)
			ExecutionOrderSort (0ms)
			DisableScriptedObjects (12ms)
			BackupInstance (0ms)
			ReleaseScriptingObjects (0ms)
			CreateAndSetChildDomain (39ms)
		LoadAllAssembliesAndSetupDomain (15945ms)
			LoadAssemblies (15046ms)
			RebuildTransferFunctionScriptingTraits (0ms)
			SetupTypeCache (1011ms)
				TypeCache.Initialize (963ms)
					TypeCache.ScanAssembly (955ms)
				ResolveRequiredComponents (9ms)
		FinalizeReload (0ms)
			ReleaseScriptCaches (0ms)
			RebuildScriptCaches (0ms)
			SetupLoadedEditorAssemblies (1041ms)
				LogAssemblyErrors (0ms)
				InitializePlatformSupportModulesInManaged (11ms)
				SetLoadedEditorAssemblies (10ms)
				RefreshPlugins (0ms)
				BeforeProcessingInitializeOnLoad (163ms)
				ProcessInitializeOnLoadAttributes (747ms)
				ProcessInitializeOnLoadMethodAttributes (98ms)
				AfterProcessingInitializeOnLoad (12ms)
				EditorAssembliesLoaded (0ms)
			ExecutionOrderSort2 (0ms)
			AwakeInstancesAfterBackupRestoration (16ms)
Launched and connected shader compiler UnityShaderCompiler.exe after 0.11 seconds
Refreshing native plugins compatible for Editor in 13.35 ms, found 4 plugins.
Preloading 0 native plugins for Editor in 0.00 ms.
Unloading 4106 Unused Serialized files (Serialized files now loaded: 0)
Unloading 79 unused Assets / (300.1 KB). Loaded Objects now: 4563.
Memory consumption went from 0.61 GB to 0.61 GB.
Total: 8.083500 ms (FindLiveObjects: 0.650300 ms CreateObjectMapping: 0.488700 ms MarkObjects: 6.455300 ms  DeleteObjects: 0.485800 ms)

AssetImportParameters requested are different than current active one (requested -> active):
  custom:container-demuxer-ogg: 62fdf1f143b41e24485cea50d1cbac27 -> 
  custom:video-decoder-ogg-theora: a1e56fd34408186e4bbccfd4996cb3dc -> 
  custom:framework-win-MediaFoundation: 216162199b28c13a410421893ffa2e32 -> 
  custom:container-demuxer-webm: 4f35f7cbe854078d1ac9338744f61a02 -> 
  custom:container-muxer-webm: aa71ff27fc2769a1b78a27578f13a17b -> 
  custom:video-decoder-webm-vp8: 9c59270c3fd7afecdb556c50c9e8de78 -> 
  custom:AudioImporter_EditorPlatform: d09bf68614088b80899f8185d706f6e7 -> 
  custom:video-encoder-webm-vp8: eb34c28f22e8b96e1ab97ce403110664 -> 
  custom:audio-decoder-ogg-vorbis: bf7c407c2cedff20999df2af8eb42d56 -> 
  custom:audio-encoder-webm-vorbis: bf7c407c2cedff20999df2af8eb42d56 -> 
========================================================================
Received Import Request.
  Time since last request: 696.669126 seconds.
  path: Packages/com.unity.2d.psdimporter/Editor/Assets/root-blue.mat
  artifactKey: Guid(28638862ea1084726a3511cd325fc53d) Importer(815301076,1909f56bfc062723c751e8b465ee728b)
Start importing Packages/com.unity.2d.psdimporter/Editor/Assets/root-blue.mat using Guid(28638862ea1084726a3511cd325fc53d) Importer(815301076,1909f56bfc062723c751e8b465ee728b)  -> (artifact id: '41d4462554c6a9122ac5db4653ae362a') in 0.277525 seconds 
Number of updated asset objects reloaded before import = 0
Number of asset objects unloaded after import = 1
========================================================================
Received Import Request.
  Time since last request: 2534.162778 seconds.
  path: Assets/Hovl Studio/Magic effects pack
  artifactKey: Guid(ccaf0d0261bfcfe4f874cb02d8931eb9) Importer(815301076,1909f56bfc062723c751e8b465ee728b)
Start importing Assets/Hovl Studio/Magic effects pack using Guid(ccaf0d0261bfcfe4f874cb02d8931eb9) Importer(815301076,1909f56bfc062723c751e8b465ee728b)  -> (artifact id: '4f0d67f5975e2bdc807a0872a4bec3dc') in 0.002034 seconds 
Number of updated asset objects reloaded before import = 0
Number of asset objects unloaded after import = 0
========================================================================
Received Import Request.
  Time since last request: 2.259726 seconds.
  path: Assets/Hovl Studio/Magic effects pack/Demo scene
  artifactKey: Guid(44e83fc5854cef9499372056eb3818f0) Importer(815301076,1909f56bfc062723c751e8b465ee728b)
Start importing Assets/Hovl Studio/Magic effects pack/Demo scene using Guid(44e83fc5854cef9499372056eb3818f0) Importer(815301076,1909f56bfc062723c751e8b465ee728b)  -> (artifact id: 'a37b88c8e610a083bd96dd7397f65007') in 0.000918 seconds 
Number of updated asset objects reloaded before import = 0
Number of asset objects unloaded after import = 0
========================================================================
Received Import Request.
  Time since last request: 0.004637 seconds.
  path: Assets/Hovl Studio/Magic effects pack/Demo scene/LightingData.asset
  artifactKey: Guid(faa4b86ef3c40464a90105bd7feb5ad9) Importer(815301076,1909f56bfc062723c751e8b465ee728b)
Start importing Assets/Hovl Studio/Magic effects pack/Demo scene/LightingData.asset using Guid(faa4b86ef3c40464a90105bd7feb5ad9) Importer(815301076,1909f56bfc062723c751e8b465ee728b) Lighting data asset ‘LightingData’ is incompatible with the current Unity version because the scene it was baked for was not serialized. Please use Generate Lighting to rebuild the lighting data, or assign the target scene to the Lighting Data Asset in the inspector.
 -> (artifact id: '3c5aa4bc89dfb1e994d8a974cdefddd6') in 0.005887 seconds 
Number of updated asset objects reloaded before import = 0
Number of asset objects unloaded after import = 1
========================================================================
Received Import Request.
  Time since last request: 0.000093 seconds.
  path: Assets/Hovl Studio/Magic effects pack/Demo scene/Lightmap-0_comp_light.exr
  artifactKey: Guid(9960b70afbb00c1468c54c31462b736a) Importer(815301076,1909f56bfc062723c751e8b465ee728b)
Start importing Assets/Hovl Studio/Magic effects pack/Demo scene/Lightmap-0_comp_light.exr using Guid(9960b70afbb00c1468c54c31462b736a) Importer(815301076,1909f56bfc062723c751e8b465ee728b)  -> (artifact id: '8715af4ff21f2d790482585bdbe7b9e1') in 1.389457 seconds 
Number of updated asset objects reloaded before import = 0
Number of asset objects unloaded after import = 2
========================================================================
Received Import Request.
  Time since last request: 0.000052 seconds.
  path: Assets/Hovl Studio/Magic effects pack/Demo scene/ReflectionProbe-1.exr
  artifactKey: Guid(6cd5e7294f0f7be4aa89e131da9505b4) Importer(815301076,1909f56bfc062723c751e8b465ee728b)
Start importing Assets/Hovl Studio/Magic effects pack/Demo scene/ReflectionProbe-1.exr using Guid(6cd5e7294f0f7be4aa89e131da9505b4) Importer(815301076,1909f56bfc062723c751e8b465ee728b)  -> (artifact id: '322b68961c9bc0631fb4d49896508823') in 0.737355 seconds 
Number of updated asset objects reloaded before import = 0
Number of asset objects unloaded after import = 1
========================================================================
Received Import Request.
  Time since last request: 16.208866 seconds.
  path: Assets/Hovl Studio/Magic effects pack/Materials/Trail67.mat
  artifactKey: Guid(228fc1317f61ac4408d84a68ea9822d3) Importer(815301076,1909f56bfc062723c751e8b465ee728b)
Start importing Assets/Hovl Studio/Magic effects pack/Materials/Trail67.mat using Guid(228fc1317f61ac4408d84a68ea9822d3) Importer(815301076,1909f56bfc062723c751e8b465ee728b)  -> (artifact id: '2826b9f4e92249754ffd7a640dfaab5b') in 0.074850 seconds 
Number of updated asset objects reloaded before import = 0
Number of asset objects unloaded after import = 2
========================================================================
Received Import Request.
  Time since last request: 0.013701 seconds.
  path: Assets/Hovl Studio/Magic effects pack/Materials/Stone.mat
  artifactKey: Guid(5e01cbbef75a454468e5eb490ac64181) Importer(815301076,1909f56bfc062723c751e8b465ee728b)
Start importing Assets/Hovl Studio/Magic effects pack/Materials/Stone.mat using Guid(5e01cbbef75a454468e5eb490ac64181) Importer(815301076,1909f56bfc062723c751e8b465ee728b)  -> (artifact id: '509cc1834b99ad46f157f816e5c050ac') in 0.047921 seconds 
Number of updated asset objects reloaded before import = 0
Number of asset objects unloaded after import = 2
========================================================================
Received Import Request.
  Time since last request: 0.201086 seconds.
  path: Assets/Hovl Studio/Magic effects pack/Materials/Star.mat
  artifactKey: Guid(f7fb42690dbaf0d408f1f55ea89b7be8) Importer(815301076,1909f56bfc062723c751e8b465ee728b)
Start importing Assets/Hovl Studio/Magic effects pack/Materials/Star.mat using Guid(f7fb42690dbaf0d408f1f55ea89b7be8) Importer(815301076,1909f56bfc062723c751e8b465ee728b)  -> (artifact id: 'f1a5ea549b193247f5dbfdbf413f3594') in 0.063796 seconds 
Number of updated asset objects reloaded before import = 0
Number of asset objects unloaded after import = 2
========================================================================
Received Import Request.
  Time since last request: 0.002127 seconds.
  path: Assets/Hovl Studio/Magic effects pack/Materials/Snowflake.mat
  artifactKey: Guid(110e8ef5ba5275f4c864c6b5190c7891) Importer(815301076,1909f56bfc062723c751e8b465ee728b)
Start importing Assets/Hovl Studio/Magic effects pack/Materials/Snowflake.mat using Guid(110e8ef5ba5275f4c864c6b5190c7891) Importer(815301076,1909f56bfc062723c751e8b465ee728b)  -> (artifact id: '21516b147b3e4a3ea862168daa4a09db') in 0.049732 seconds 
Number of updated asset objects reloaded before import = 0
Number of asset objects unloaded after import = 2
========================================================================
Received Import Request.
  Time since last request: 0.790149 seconds.
  path: Assets/Hovl Studio/Magic effects pack/Materials/Smoke26.mat
  artifactKey: Guid(616a777eb757ff14c82a79feeb35d9b1) Importer(815301076,1909f56bfc062723c751e8b465ee728b)
Start importing Assets/Hovl Studio/Magic effects pack/Materials/Smoke26.mat using Guid(616a777eb757ff14c82a79feeb35d9b1) Importer(815301076,1909f56bfc062723c751e8b465ee728b)  -> (artifact id: '3765cedf1b197af717ebc7692ff60e58') in 0.424402 seconds 
Number of updated asset objects reloaded before import = 0
Number of asset objects unloaded after import = 2
========================================================================
Received Import Request.
  Time since last request: 1.154215 seconds.
  path: Assets/Hovl Studio/Magic effects pack/Materials/Slash.mat
  artifactKey: Guid(8b3cc142b0783eb40be02cde5b31ca6a) Importer(815301076,1909f56bfc062723c751e8b465ee728b)
Start importing Assets/Hovl Studio/Magic effects pack/Materials/Slash.mat using Guid(8b3cc142b0783eb40be02cde5b31ca6a) Importer(815301076,1909f56bfc062723c751e8b465ee728b)  -> (artifact id: 'ead322abef925aee62f280c466e7fc62') in 0.079875 seconds 
Number of updated asset objects reloaded before import = 0
Number of asset objects unloaded after import = 2
========================================================================
Received Import Request.
  Time since last request: 0.870510 seconds.
  path: Assets/Hovl Studio/Magic effects pack/Materials/Point.mat
  artifactKey: Guid(e546d2d7171981b468cf29388d902e99) Importer(815301076,1909f56bfc062723c751e8b465ee728b)
Start importing Assets/Hovl Studio/Magic effects pack/Materials/Point.mat using Guid(e546d2d7171981b468cf29388d902e99) Importer(815301076,1909f56bfc062723c751e8b465ee728b)  -> (artifact id: '66a69220ee2b5c0413a41ac36cf8f31a') in 0.054071 seconds 
Number of updated asset objects reloaded before import = 0
Number of asset objects unloaded after import = 2
========================================================================
Received Import Request.
  Time since last request: 0.004855 seconds.
  path: Assets/Hovl Studio/Magic effects pack/Materials/MagicCircle2.mat
  artifactKey: Guid(b56ee68f36d76a648a742b6874f4d4a4) Importer(815301076,1909f56bfc062723c751e8b465ee728b)
Start importing Assets/Hovl Studio/Magic effects pack/Materials/MagicCircle2.mat using Guid(b56ee68f36d76a648a742b6874f4d4a4) Importer(815301076,1909f56bfc062723c751e8b465ee728b)  -> (artifact id: '5d0d9fe05d93c23d9f8fb08f83407856') in 0.068056 seconds 
Number of updated asset objects reloaded before import = 0
Number of asset objects unloaded after import = 2
========================================================================
Received Import Request.
  Time since last request: 0.303322 seconds.
  path: Assets/Hovl Studio/Magic effects pack/Materials/MagicCircle.mat
  artifactKey: Guid(ddac23d301cbfca45bcbe217c05f0141) Importer(815301076,1909f56bfc062723c751e8b465ee728b)
Start importing Assets/Hovl Studio/Magic effects pack/Materials/MagicCircle.mat using Guid(ddac23d301cbfca45bcbe217c05f0141) Importer(815301076,1909f56bfc062723c751e8b465ee728b)  -> (artifact id: '1815259b27277d167c4c9c9e2bb7138e') in 0.056419 seconds 
Number of updated asset objects reloaded before import = 0
Number of asset objects unloaded after import = 2
========================================================================
Received Import Request.
  Time since last request: 0.001642 seconds.
  path: Assets/Hovl Studio/Magic effects pack/Materials/Heart.mat
  artifactKey: Guid(e97a79db1dd66ad4d8f70932abe94b73) Importer(815301076,1909f56bfc062723c751e8b465ee728b)
Start importing Assets/Hovl Studio/Magic effects pack/Materials/Heart.mat using Guid(e97a79db1dd66ad4d8f70932abe94b73) Importer(815301076,1909f56bfc062723c751e8b465ee728b)  -> (artifact id: '6ec44e5121657bb03949b10f1da64328') in 0.051561 seconds 
Number of updated asset objects reloaded before import = 0
Number of asset objects unloaded after import = 2
========================================================================
Received Import Request.
  Time since last request: 0.068748 seconds.
  path: Assets/Hovl Studio/Magic effects pack/Materials/Gradient.mat
  artifactKey: Guid(2ae196836e3f6ce438e93e246a6ab900) Importer(815301076,1909f56bfc062723c751e8b465ee728b)
Start importing Assets/Hovl Studio/Magic effects pack/Materials/Gradient.mat using Guid(2ae196836e3f6ce438e93e246a6ab900) Importer(815301076,1909f56bfc062723c751e8b465ee728b)  -> (artifact id: '65e5d1545d177e9f86ba901ebd828edc') in 0.050658 seconds 
Number of updated asset objects reloaded before import = 0
Number of asset objects unloaded after import = 2
========================================================================
Received Import Request.
  Time since last request: 3.249307 seconds.
  path: Assets/Hovl Studio/Magic effects pack/Materials/Floor3.mat
  artifactKey: Guid(ca6fd35d7de69cb449d560ab9228d502) Importer(815301076,1909f56bfc062723c751e8b465ee728b)
Start importing Assets/Hovl Studio/Magic effects pack/Materials/Floor3.mat using Guid(ca6fd35d7de69cb449d560ab9228d502) Importer(815301076,1909f56bfc062723c751e8b465ee728b)  -> (artifact id: '3bae766ff1cdebc0f83ea5a0e64e458b') in 1.208856 seconds 
Number of updated asset objects reloaded before import = 0
Number of asset objects unloaded after import = 5
========================================================================
Received Import Request.
  Time since last request: 0.101411 seconds.
  path: Assets/Hovl Studio/Magic effects pack/Materials/Flash.mat
  artifactKey: Guid(db3488de871721d4f83250ff2af716b7) Importer(815301076,1909f56bfc062723c751e8b465ee728b)
Start importing Assets/Hovl Studio/Magic effects pack/Materials/Flash.mat using Guid(db3488de871721d4f83250ff2af716b7) Importer(815301076,1909f56bfc062723c751e8b465ee728b)  -> (artifact id: 'd4d836c33ba23869563c4df7b5823124') in 0.055596 seconds 
Number of updated asset objects reloaded before import = 0
Number of asset objects unloaded after import = 2
========================================================================
Received Import Request.
  Time since last request: 1.853822 seconds.
  path: Assets/Hovl Studio/Magic effects pack/Materials/Flare.mat
  artifactKey: Guid(818e127314f46c844a3b31d893dcfe6a) Importer(815301076,1909f56bfc062723c751e8b465ee728b)
Start importing Assets/Hovl Studio/Magic effects pack/Materials/Flare.mat using Guid(818e127314f46c844a3b31d893dcfe6a) Importer(815301076,1909f56bfc062723c751e8b465ee728b)  -> (artifact id: 'c730fc5ee264656621ccfbe265a271f2') in 0.066226 seconds 
Number of updated asset objects reloaded before import = 0
Number of asset objects unloaded after import = 2
========================================================================
Received Import Request.
  Time since last request: 1.602016 seconds.
  path: Assets/Hovl Studio/Magic effects pack/Materials/Electro.mat
  artifactKey: Guid(410fa9a27b8dd1f4989dd201babd7d76) Importer(815301076,1909f56bfc062723c751e8b465ee728b)
Start importing Assets/Hovl Studio/Magic effects pack/Materials/Electro.mat using Guid(410fa9a27b8dd1f4989dd201babd7d76) Importer(815301076,1909f56bfc062723c751e8b465ee728b)  -> (artifact id: '058ed9723519e6345c203bb685927093') in 0.075298 seconds 
Number of updated asset objects reloaded before import = 0
Number of asset objects unloaded after import = 2
========================================================================
Received Import Request.
  Time since last request: 1.428686 seconds.
  path: Assets/Hovl Studio/Magic effects pack/Materials/DistortionPoint.mat
  artifactKey: Guid(fe8d615cbaec71545b42f9163243b02d) Importer(815301076,1909f56bfc062723c751e8b465ee728b)
Start importing Assets/Hovl Studio/Magic effects pack/Materials/DistortionPoint.mat using Guid(fe8d615cbaec71545b42f9163243b02d) Importer(815301076,1909f56bfc062723c751e8b465ee728b)  -> (artifact id: '37ebbeda12d0809d4df89f439922b289') in 0.569096 seconds 
Number of updated asset objects reloaded before import = 0
Number of asset objects unloaded after import = 3
========================================================================
Received Import Request.
  Time since last request: 0.579680 seconds.
  path: Assets/Hovl Studio/Magic effects pack/Materials/Circle.mat
  artifactKey: Guid(4bab0f95134663b4c9c3dd73939c0ff1) Importer(815301076,1909f56bfc062723c751e8b465ee728b)
Start importing Assets/Hovl Studio/Magic effects pack/Materials/Circle.mat using Guid(4bab0f95134663b4c9c3dd73939c0ff1) Importer(815301076,1909f56bfc062723c751e8b465ee728b)  -> (artifact id: '561b58937f295973c4c9a5e39046cf0c') in 0.052574 seconds 
Number of updated asset objects reloaded before import = 0
Number of asset objects unloaded after import = 2
========================================================================
Received Import Request.
  Time since last request: 1.048879 seconds.
  path: Assets/Hovl Studio/Magic effects pack/Materials/Arrow1.mat
  artifactKey: Guid(00b2a55319476cf40b84578eb2f8c2df) Importer(815301076,1909f56bfc062723c751e8b465ee728b)
Start importing Assets/Hovl Studio/Magic effects pack/Materials/Arrow1.mat using Guid(00b2a55319476cf40b84578eb2f8c2df) Importer(815301076,1909f56bfc062723c751e8b465ee728b)  -> (artifact id: '328f1a99c493363f8f6f7643568ff31b') in 0.049022 seconds 
Number of updated asset objects reloaded before import = 0
Number of asset objects unloaded after import = 2
========================================================================
Received Import Request.
  Time since last request: 4380.593692 seconds.
  path: Assets/Hovl Studio/Magic effects pack/Materials/Snowflake.mat
  artifactKey: Guid(110e8ef5ba5275f4c864c6b5190c7891) Importer(815301076,1909f56bfc062723c751e8b465ee728b)
Start importing Assets/Hovl Studio/Magic effects pack/Materials/Snowflake.mat using Guid(110e8ef5ba5275f4c864c6b5190c7891) Importer(815301076,1909f56bfc062723c751e8b465ee728b)  -> (artifact id: '74dcb3f0049f5a7561e77e6f04d67cb4') in 0.183086 seconds 
Number of updated asset objects reloaded before import = 0
Number of asset objects unloaded after import = 2
