
=== Sat Oct 10 11:18:58 2020

Packages were changed.
Update Mode: updateDependencies

The following packages were added:
  com.unity.ads@3.4.9
  com.unity.analytics@3.3.5
  com.unity.multiplayer-hlapi@1.0.6
  com.unity.purchasing@2.1.0
  com.unity.xr.legacyinputhelpers@2.1.4
The following packages were updated:
  com.unity.2d.animation from version 3.2.3 to 3.2.5
  com.unity.2d.psdimporter from version 2.1.4 to 2.1.6
  com.unity.2d.spriteshape from version 3.0.12 to 3.0.14
  com.unity.test-framework from version 1.1.14 to 1.1.16

=== Wed Dec 30 09:11:35 2020

Packages were changed.
Update Mode: updateDependencies

The following packages were updated:
  com.unity.2d.pixel-perfect from version 2.0.4 to 2.1.0
  com.unity.ads from version 3.4.9 to 3.5.2
  com.unity.ide.vscode from version 1.2.1 to 1.2.3
  com.unity.purchasing from version 2.1.0 to 2.2.1
  com.unity.test-framework from version 1.1.16 to 1.1.19
  com.unity.xr.legacyinputhelpers from version 2.1.4 to 2.1.6

=== Thu Jul  6 00:24:04 2023

Packages were changed.
Update Mode: updateDependencies

The following packages were added:
  com.unity.ide.visualstudio@2.0.17
  com.unity.ai.navigation@1.1.1
The following packages were updated:
  com.unity.2d.animation from version 3.2.5 to 9.0.1
  com.unity.2d.pixel-perfect from version 2.1.0 to 5.0.3
  com.unity.2d.psdimporter from version 2.1.6 to 8.0.2
  com.unity.2d.spriteshape from version 3.0.14 to 9.0.1
  com.unity.ads from version 3.5.2 to 4.4.1
  com.unity.analytics from version 3.3.5 to 3.8.1
  com.unity.collab-proxy from version 1.2.16 to 2.0.0
  com.unity.ide.rider from version 1.1.4 to 3.0.18
  com.unity.ide.vscode from version 1.2.3 to 1.2.5
  com.unity.purchasing from version 2.2.1 to 4.6.0
  com.unity.test-framework from version 1.1.19 to 1.1.33
  com.unity.textmeshpro from version 2.0.1 to 3.0.6
  com.unity.timeline from version 1.2.15 to 1.7.3
  com.unity.xr.legacyinputhelpers from version 2.1.6 to 2.1.10
The following packages were removed:
  com.unity.multiplayer-hlapi@1.0.6
